<?xml version="1.0" encoding="UTF-8"?>
<!-- Generated by org.testng.reporters.JUnitReportReporter -->
<testsuite hostname="Ankush" failures="0" tests="1" name="com.runner.TestRunner" time="20.745" errors="0" timestamp="2023-09-26T00:12:14 IST" skipped="0">
  <testcase classname="com.runner.TestRunner" name="runScenario" time="20.745"/>
  <system-out/>
</testsuite> <!-- com.runner.TestRunner -->
