<?xml version="1.0" encoding="UTF-8"?>
<!-- Generated by org.testng.reporters.JUnitReportReporter -->
<testsuite hostname="Ankush" failures="0" tests="1" name="com.stepdefination.LoginSteps" time="10.459" errors="0" timestamp="2023-09-26T00:11:03 IST" skipped="0">
  <testcase classname="com.stepdefination.LoginSteps" name="verifyPageTitle" time="10.459"/>
  <system-out/>
</testsuite> <!-- com.stepdefination.LoginSteps -->
