<?xml version="1.0" encoding="UTF-8"?>
<!-- Generated by org.testng.reporters.JUnitReportReporter -->
<testsuite hostname="Ankush" failures="0" tests="1" name="com.TestClass.amazonProductPriceTest" time="19.386" errors="0" timestamp="2023-12-06T16:02:46 IST" skipped="0">
  <testcase classname="com.TestClass.amazonProductPriceTest" name="verifyPriceRange" time="19.386"/>
  <system-out/>
</testsuite> <!-- com.TestClass.amazonProductPriceTest -->
