<?xml version="1.0" encoding="UTF-8"?>
<!-- Generated by org.testng.reporters.JUnitReportReporter -->
<testsuite hostname="Ankush" failures="0" tests="1" name="com.TestClass.amazonProductPriceTest" time="21.011" errors="0" timestamp="2023-12-01T16:37:29 IST" skipped="0">
  <testcase classname="com.TestClass.amazonProductPriceTest" name="verifyPriceRange" time="21.011"/>
  <system-out/>
</testsuite> <!-- com.TestClass.amazonProductPriceTest -->
