<?xml version="1.0" encoding="UTF-8"?>
<!-- Generated by org.testng.reporters.JUnitReportReporter -->
<testsuite hostname="Ankush" failures="0" tests="1" name="AmazonPriceTest" time="20.356" errors="0" timestamp="2023-11-25T12:03:23 IST" skipped="0">
  <testcase classname="AmazonPriceTest" name="VerifyPrice" time="20.356"/>
  <system-out/>
</testsuite> <!-- AmazonPriceTest -->
