<?xml version="1.0" encoding="UTF-8"?>
<!-- Generated by org.testng.reporters.JUnitReportReporter -->
<testsuite hostname="Ankush" failures="0" tests="1" name="demoTestNG.AnnotationTestNG" time="0.007" errors="0" timestamp="2023-11-29T16:36:40 IST" skipped="0">
  <testcase classname="demoTestNG.AnnotationTestNG" name="name" time="0.007"/>
  <system-out/>
</testsuite> <!-- demoTestNG.AnnotationTestNG -->
